<?xml version="1.0" encoding="UTF-8"?>
<!-- Generated by org.testng.reporters.JUnitReportReporter -->
<testsuite hostname="DESKTOP-1FE3G7K" failures="0" tests="1" name="login_test.LoginPage_Test" time="27.146" errors="0" timestamp="04 Aug 2020 06:55:34 GMT" skipped="0">
  <testcase classname="login_test.LoginPage_Test" name="LoginpageValidation" time="27.146"/>
</testsuite> <!-- login_test.LoginPage_Test -->
