<?xml version="1.0" encoding="UTF-8"?>
<!-- Generated by org.testng.reporters.JUnitReportReporter -->
<testsuite hostname="DESKTOP-1FE3G7K" failures="0" tests="4" name="createlist_test.ListCreation_Test" time="20.628" errors="0" timestamp="04 Aug 2020 06:55:34 GMT" skipped="0">
  <testcase classname="createlist_test.ListCreation_Test" name="Listing1" time="5.117"/>
  <testcase classname="createlist_test.ListCreation_Test" name="Listing2" time="2.681"/>
  <testcase classname="createlist_test.ListCreation_Test" name="Listing3" time="2.534"/>
  <testcase classname="createlist_test.ListCreation_Test" name="Listing4" time="10.296"/>
</testsuite> <!-- createlist_test.ListCreation_Test -->
