<?xml version="1.0" encoding="UTF-8"?>
<!-- Generated by org.testng.reporters.JUnitReportReporter -->
<testsuite hostname="DESKTOP-1FE3G7K" failures="0" tests="1" name="createboard_test.BoardCreate_Test" time="19.171" errors="0" timestamp="04 Aug 2020 06:55:34 GMT" skipped="0">
  <testcase classname="createboard_test.BoardCreate_Test" name="BoardCreation" time="19.171"/>
</testsuite> <!-- createboard_test.BoardCreate_Test -->
