<?xml version="1.0" encoding="UTF-8"?>
<!-- Generated by org.testng.reporters.JUnitReportReporter -->
<testsuite hostname="DESKTOP-1FE3G7K" failures="0" tests="1" name="uicheck_test.TrelloUI_Test" time="19.858" errors="0" timestamp="03 Aug 2020 08:22:26 GMT" skipped="0">
  <testcase classname="uicheck_test.TrelloUI_Test" name="UITesting" time="19.858"/>
</testsuite> <!-- uicheck_test.TrelloUI_Test -->
