<?xml version="1.0" encoding="UTF-8"?>
<!-- Generated by org.testng.reporters.JUnitReportReporter -->
<testsuite hostname="DESKTOP-1FE3G7K" failures="0" tests="4" name="createcard_test.CardCreation_Test" time="12.774" errors="0" timestamp="04 Aug 2020 06:55:34 GMT" skipped="0">
  <testcase classname="createcard_test.CardCreation_Test" name="cardCreation1" time="3.014"/>
  <testcase classname="createcard_test.CardCreation_Test" name="cardCreation2" time="2.558"/>
  <testcase classname="createcard_test.CardCreation_Test" name="cardCreation3" time="2.521"/>
  <testcase classname="createcard_test.CardCreation_Test" name="cardCreation" time="4.681"/>
</testsuite> <!-- createcard_test.CardCreation_Test -->
