<?xml version="1.0" encoding="UTF-8"?>
<!-- Generated by org.testng.reporters.JUnitReportReporter -->
<testsuite hostname="DESKTOP-1FE3G7K" failures="0" tests="1" name="title_test.TitlePage_Test" time="0.112" errors="0" timestamp="04 Aug 2020 06:55:34 GMT" skipped="0">
  <testcase classname="title_test.TitlePage_Test" name="titleValidation" time="0.112"/>
</testsuite> <!-- title_test.TitlePage_Test -->
