<?xml version="1.0" encoding="UTF-8"?>
<!-- Generated by org.testng.reporters.JUnitReportReporter -->
<testsuite hostname="DESKTOP-1FE3G7K" failures="0" tests="1" name="invoking.browser_test.OpenBrowserbyExcel_Test" time="11.003" errors="0" timestamp="04 Aug 2020 06:55:34 GMT" skipped="0">
  <testcase classname="invoking.browser_test.OpenBrowserbyExcel_Test" name="browserOpening" time="11.003"/>
</testsuite> <!-- invoking.browser_test.OpenBrowserbyExcel_Test -->
