<?xml version="1.0" encoding="UTF-8"?>
<!-- Generated by org.testng.reporters.JUnitReportReporter -->
<testsuite hostname="DESKTOP-1FE3G7K" failures="0" tests="1" name="createboard_test.BoardValidation_Test" time="2.368" errors="0" timestamp="04 Aug 2020 06:55:34 GMT" skipped="0">
  <testcase classname="createboard_test.BoardValidation_Test" name="ValidationBoard" time="2.368"/>
</testsuite> <!-- createboard_test.BoardValidation_Test -->
