<?xml version="1.0" encoding="UTF-8"?>
<!-- Generated by org.testng.reporters.JUnitReportReporter -->
<testsuite hostname="DESKTOP-1FE3G7K" failures="0" tests="2" name="invalidcredentials.InvalidCred_Test" time="25.910" errors="0" timestamp="04 Aug 2020 06:55:34 GMT" skipped="0">
  <testcase classname="invalidcredentials.InvalidCred_Test" name="CredentialValidation_Password" time="13.348"/>
  <testcase classname="invalidcredentials.InvalidCred_Test" name="CredentialValidation_Username" time="12.562"/>
</testsuite> <!-- invalidcredentials.InvalidCred_Test -->
