<?xml version="1.0" encoding="UTF-8"?>
<!-- Generated by org.testng.reporters.JUnitReportReporter -->
<testsuite hostname="DESKTOP-1FE3G7K" failures="0" tests="1" name="commentandassign_test.Assign_Test" time="18.727" errors="0" timestamp="04 Aug 2020 06:55:34 GMT" skipped="0">
  <testcase classname="commentandassign_test.Assign_Test" name="Assign_And_Comment" time="18.727"/>
</testsuite> <!-- commentandassign_test.Assign_Test -->
