<?xml version="1.0" encoding="UTF-8"?>
<!-- Generated by org.testng.reporters.JUnitReportReporter -->
<testsuite hostname="DESKTOP-1FE3G7K" failures="0" tests="1" name="createcard_test.CardValidation_Test" time="6.948" errors="0" timestamp="04 Aug 2020 06:55:34 GMT" skipped="0">
  <testcase classname="createcard_test.CardValidation_Test" name="CardValidate" time="6.948"/>
</testsuite> <!-- createcard_test.CardValidation_Test -->
