<?xml version="1.0" encoding="UTF-8"?>
<!-- Generated by org.testng.reporters.JUnitReportReporter -->
<testsuite hostname="DESKTOP-1FE3G7K" failures="0" tests="1" name="createlist_test.ListValidation_Test" time="0.464" errors="0" timestamp="04 Aug 2020 06:55:34 GMT" skipped="0">
  <testcase classname="createlist_test.ListValidation_Test" name="ListValidate" time="0.464"/>
</testsuite> <!-- createlist_test.ListValidation_Test -->
